<?xml version="1.0" encoding="utf-8"?><testsuites><testsuite errors="1" failures="0" hostname="E0004324DT" name="pytest" skipped="0" tests="30" time="1945.142" timestamp="2021-06-16T10:03:28.525254"><testcase classname="test_dir.test_a_kernel.TestKernel" file="test_dir\test_a_kernel.py" line="15" name="test_sanity_2" time="110.315"></testcase><testcase classname="test_dir.test_a_kernel.TestKernel" file="test_dir\test_a_kernel.py" line="22" name="test_sanity_8" time="18.284"></testcase><testcase classname="test_dir.test_c_videoplayback.TestVideoplayback" file="test_dir\test_c_videoplayback.py" line="11" name="test_sanity_15" time="126.136"></testcase><testcase classname="test_dir.test_c_videoplayback.TestVideoplayback" file="test_dir\test_c_videoplayback.py" line="19" name="test_sanity_16" time="117.144"></testcase><testcase classname="test_dir.test_c_videoplayback.TestVideoplayback" file="test_dir\test_c_videoplayback.py" line="25" name="test_sanity_17" time="113.113"></testcase><testcase classname="test_dir.test_c_videoplayback.TestVideoplayback" file="test_dir\test_c_videoplayback.py" line="31" name="test_sanity_18" time="114.735"></testcase><testcase classname="test_dir.test_c_videoplayback.TestVideoplayback" file="test_dir\test_c_videoplayback.py" line="37" name="test_sanity_19" time="104.742"></testcase><testcase classname="test_dir.test_c_videoplayback.TestVideoplayback" file="test_dir\test_c_videoplayback.py" line="43" name="test_sanity_20" time="115.364"></testcase><testcase classname="test_dir.test_c_videoplayback.TestVideoplayback" file="test_dir\test_c_videoplayback.py" line="49" name="test_sanity_21" time="129.292"></testcase><testcase classname="test_dir.test_c_videoplayback.TestVideoplayback" file="test_dir\test_c_videoplayback.py" line="55" name="test_sanity_22" time="130.265"></testcase><testcase classname="test_dir.test_d_musicplayback.TestMusicplayback" file="test_dir\test_d_musicplayback.py" line="16" name="test_sanity_23" time="84.283"></testcase><testcase classname="test_dir.test_d_musicplayback.TestMusicplayback" file="test_dir\test_d_musicplayback.py" line="24" name="test_sanity_24" time="77.893"></testcase><testcase classname="test_dir.test_d_musicplayback.TestMusicplayback" file="test_dir\test_d_musicplayback.py" line="30" name="test_sanity_25" time="106.318"></testcase><testcase classname="test_dir.test_d_musicplayback.TestMusicplayback" file="test_dir\test_d_musicplayback.py" line="36" name="test_sanity_26" time="66.133"></testcase><testcase classname="test_dir.test_d_musicplayback.TestMusicplayback" file="test_dir\test_d_musicplayback.py" line="42" name="test_sanity_27" time="40.399"></testcase><testcase classname="test_dir.test_d_musicplayback.TestMusicplayback" file="test_dir\test_d_musicplayback.py" line="48" name="test_sanity_28" time="66.650"></testcase><testcase classname="test_dir.test_d_musicplayback.TestMusicplayback" file="test_dir\test_d_musicplayback.py" line="54" name="test_sanity_29" time="63.606"></testcase><testcase classname="test_dir.test_e_pictureplayback.TestPictureplayback" file="..\sanity\test_dir\test_e_pictureplayback.py" line="15" name="test_sanity_30" time="36.967"></testcase><testcase classname="test_dir.test_e_pictureplayback.TestPictureplayback" file="..\sanity\test_dir\test_e_pictureplayback.py" line="25" name="test_sanity_31_1" time="28.397"></testcase><testcase classname="test_dir.test_e_pictureplayback.TestPictureplayback" file="..\sanity\test_dir\test_e_pictureplayback.py" line="34" name="test_sanity_31_2" time="13.168"></testcase><testcase classname="test_dir.test_e_pictureplayback.TestPictureplayback" file="..\sanity\test_dir\test_e_pictureplayback.py" line="42" name="test_sanity_31_3" time="13.455"></testcase><testcase classname="test_dir.test_e_pictureplayback.TestPictureplayback" file="..\sanity\test_dir\test_e_pictureplayback.py" line="51" name="test_sanity_31_4" time="13.573"></testcase><testcase classname="test_dir.test_e_pictureplayback.TestPictureplayback" file="..\sanity\test_dir\test_e_pictureplayback.py" line="59" name="test_sanity_31_5" time="13.003"></testcase><testcase classname="test_dir.test_e_pictureplayback.TestPictureplayback" file="..\sanity\test_dir\test_e_pictureplayback.py" line="67" name="test_sanity_31_6" time="13.126"></testcase><testcase classname="test_dir.test_e_pictureplayback.TestPictureplayback" file="..\sanity\test_dir\test_e_pictureplayback.py" line="75" name="test_sanity_31_7" time="14.810"></testcase><testcase classname="test_dir.test_e_pictureplayback.TestPictureplayback" file="..\sanity\test_dir\test_e_pictureplayback.py" line="83" name="test_sanity_32_1" time="19.260"></testcase><testcase classname="test_dir.test_e_pictureplayback.TestPictureplayback" file="..\sanity\test_dir\test_e_pictureplayback.py" line="92" name="test_sanity_32_2" time="14.682"></testcase><testcase classname="test_dir.test_e_pictureplayback.TestPictureplayback" file="..\sanity\test_dir\test_e_pictureplayback.py" line="100" name="test_sanity_32_3" time="14.793"></testcase><testcase classname="test_dir.test_e_pictureplayback.TestPictureplayback" file="..\sanity\test_dir\test_e_pictureplayback.py" line="108" name="test_sanity_32_4" time="14.456"></testcase><testcase time="16.394"></testcase><testcase classname="pytest" name="internal" time="0.000"><error message="internal error">Traceback (most recent call last):
  File &quot;C:\Users\E0004324\AppData\Local\Programs\Python\Python37\lib\site-packages\_pytest\main.py&quot;, line 191, in wrap_session
    session.exitstatus = doit(config, session) or 0
  File &quot;C:\Users\E0004324\AppData\Local\Programs\Python\Python37\lib\site-packages\_pytest\main.py&quot;, line 235, in _main
    config.hook.pytest_runtestloop(session=session)
  File &quot;C:\Users\E0004324\AppData\Local\Programs\Python\Python37\lib\site-packages\pluggy\hooks.py&quot;, line 289, in __call__
    return self._hookexec(self, self.get_hookimpls(), kwargs)
  File &quot;C:\Users\E0004324\AppData\Local\Programs\Python\Python37\lib\site-packages\pluggy\manager.py&quot;, line 87, in _hookexec
    return self._inner_hookexec(hook, methods, kwargs)
  File &quot;C:\Users\E0004324\AppData\Local\Programs\Python\Python37\lib\site-packages\pluggy\manager.py&quot;, line 81, in &lt;lambda&gt;
    firstresult=hook.spec.opts.get(&quot;firstresult&quot;) if hook.spec else False,
  File &quot;C:\Users\E0004324\AppData\Local\Programs\Python\Python37\lib\site-packages\pluggy\callers.py&quot;, line 208, in _multicall
    return outcome.get_result()
  File &quot;C:\Users\E0004324\AppData\Local\Programs\Python\Python37\lib\site-packages\pluggy\callers.py&quot;, line 80, in get_result
    raise ex[1].with_traceback(ex[2])
  File &quot;C:\Users\E0004324\AppData\Local\Programs\Python\Python37\lib\site-packages\pluggy\callers.py&quot;, line 187, in _multicall
    res = hook_impl.function(*args)
  File &quot;C:\Users\E0004324\AppData\Local\Programs\Python\Python37\lib\site-packages\_pytest\main.py&quot;, line 256, in pytest_runtestloop
    item.config.hook.pytest_runtest_protocol(item=item, nextitem=nextitem)
  File &quot;C:\Users\E0004324\AppData\Local\Programs\Python\Python37\lib\site-packages\pluggy\hooks.py&quot;, line 289, in __call__
    return self._hookexec(self, self.get_hookimpls(), kwargs)
  File &quot;C:\Users\E0004324\AppData\Local\Programs\Python\Python37\lib\site-packages\pluggy\manager.py&quot;, line 87, in _hookexec
    return self._inner_hookexec(hook, methods, kwargs)
  File &quot;C:\Users\E0004324\AppData\Local\Programs\Python\Python37\lib\site-packages\pluggy\manager.py&quot;, line 81, in &lt;lambda&gt;
    firstresult=hook.spec.opts.get(&quot;firstresult&quot;) if hook.spec else False,
  File &quot;C:\Users\E0004324\AppData\Local\Programs\Python\Python37\lib\site-packages\pluggy\callers.py&quot;, line 208, in _multicall
    return outcome.get_result()
  File &quot;C:\Users\E0004324\AppData\Local\Programs\Python\Python37\lib\site-packages\pluggy\callers.py&quot;, line 80, in get_result
    raise ex[1].with_traceback(ex[2])
  File &quot;C:\Users\E0004324\AppData\Local\Programs\Python\Python37\lib\site-packages\pluggy\callers.py&quot;, line 187, in _multicall
    res = hook_impl.function(*args)
  File &quot;C:\Users\E0004324\AppData\Local\Programs\Python\Python37\lib\site-packages\_pytest\runner.py&quot;, line 80, in pytest_runtest_protocol
    runtestprotocol(item, nextitem=nextitem)
  File &quot;C:\Users\E0004324\AppData\Local\Programs\Python\Python37\lib\site-packages\_pytest\runner.py&quot;, line 95, in runtestprotocol
    reports.append(call_and_report(item, &quot;call&quot;, log))
  File &quot;C:\Users\E0004324\AppData\Local\Programs\Python\Python37\lib\site-packages\_pytest\runner.py&quot;, line 178, in call_and_report
    report = hook.pytest_runtest_makereport(item=item, call=call)
  File &quot;C:\Users\E0004324\AppData\Local\Programs\Python\Python37\lib\site-packages\pluggy\hooks.py&quot;, line 289, in __call__
    return self._hookexec(self, self.get_hookimpls(), kwargs)
  File &quot;C:\Users\E0004324\AppData\Local\Programs\Python\Python37\lib\site-packages\pluggy\manager.py&quot;, line 87, in _hookexec
    return self._inner_hookexec(hook, methods, kwargs)
  File &quot;C:\Users\E0004324\AppData\Local\Programs\Python\Python37\lib\site-packages\pluggy\manager.py&quot;, line 81, in &lt;lambda&gt;
    firstresult=hook.spec.opts.get(&quot;firstresult&quot;) if hook.spec else False,
  File &quot;C:\Users\E0004324\AppData\Local\Programs\Python\Python37\lib\site-packages\pluggy\callers.py&quot;, line 203, in _multicall
    gen.send(outcome)
  File &quot;D:\sanity_ld60\conftest.py&quot;, line 67, in pytest_runtest_makereport
    capture_screenshots(case_name)
  File &quot;D:\sanity_ld60\conftest.py&quot;, line 115, in capture_screenshots
    driver.get_screenshot_as_file(image_dir)
  File &quot;C:\Users\E0004324\AppData\Local\Programs\Python\Python37\lib\site-packages\selenium\webdriver\remote\webdriver.py&quot;, line 1032, in get_screenshot_as_file
    png = self.get_screenshot_as_png()
  File &quot;C:\Users\E0004324\AppData\Local\Programs\Python\Python37\lib\site-packages\selenium\webdriver\remote\webdriver.py&quot;, line 1064, in get_screenshot_as_png
    return base64.b64decode(self.get_screenshot_as_base64().encode(&apos;ascii&apos;))
  File &quot;C:\Users\E0004324\AppData\Local\Programs\Python\Python37\lib\site-packages\selenium\webdriver\remote\webdriver.py&quot;, line 1074, in get_screenshot_as_base64
    return self.execute(Command.SCREENSHOT)[&apos;value&apos;]
  File &quot;C:\Users\E0004324\AppData\Local\Programs\Python\Python37\lib\site-packages\selenium\webdriver\remote\webdriver.py&quot;, line 321, in execute
    self.error_handler.check_response(response)
  File &quot;C:\Users\E0004324\AppData\Local\Programs\Python\Python37\lib\site-packages\appium\webdriver\errorhandler.py&quot;, line 31, in check_response
    raise wde
  File &quot;C:\Users\E0004324\AppData\Local\Programs\Python\Python37\lib\site-packages\appium\webdriver\errorhandler.py&quot;, line 26, in check_response
    super().check_response(response)
  File &quot;C:\Users\E0004324\AppData\Local\Programs\Python\Python37\lib\site-packages\selenium\webdriver\remote\errorhandler.py&quot;, line 242, in check_response
    raise exception_class(message, screen, stacktrace)
selenium.common.exceptions.InvalidSessionIdException: Message: A session is either terminated or not started</error></testcase></testsuite></testsuites>